Arguments: 
  /usr/local/bin/node /usr/share/yarn/bin/yarn.js publish --access public

PATH: 
  /home/linuxbrew/.linuxbrew/bin:/home/linuxbrew/.linuxbrew/sbin:/home/dev/bin:/home/dev/.local/bin:/usr/local/sbin:/usr/local/bin:/usr/sbin:/usr/bin:/sbin:/bin:/usr/games:/usr/local/games:/snap/bin:/usr/lib/jvm/java-8-oracle/bin:/usr/lib/jvm/java-8-oracle/db/bin:/usr/lib/jvm/java-8-oracle/jre/bin:/usr/lib/jvm/java-8-oracle/bin:/usr/lib/jvm/java-8-oracle/db/bin:/usr/lib/jvm/java-8-oracle/jre/bin

Yarn version: 
  1.13.0

Node version: 
  11.10.0

Platform: 
  linux x64

Trace: 
  Error: canceled
      at Interface.<anonymous> (/usr/share/yarn/lib/cli.js:125657:13)
      at Interface.emit (events.js:197:13)
      at Interface._ttyWrite (readline.js:799:16)
      at ReadStream.onkeypress (readline.js:184:10)
      at ReadStream.emit (events.js:197:13)
      at emitKeys (internal/readline.js:424:14)
      at emitKeys.next (<anonymous>)
      at ReadStream.onData (readline.js:1071:36)
      at ReadStream.emit (events.js:197:13)
      at addChunk (_stream_readable.js:288:12)

npm manifest: 
  {
    "name": "@hundh/contao-filter-choice-range-bundle",
    "version": "1.0.0",
    "author": "Heimrich & Hannot GmbH <digitales@heimrich-hannot.de>",
    "license": "LGPL-3.0-or-later",
    "dependencies": {
      "@hundh/contao-filter-choice-range-bundle": "^1.0",
      "nouislider": "^13.1.5"
    },
    "scripts": {
      "build-dev": "yarn encore dev",
      "build-production": "yarn encore production"
    }
  }

yarn manifest: 
  No manifest

Lockfile: 
  No lockfile
